2023-03-02 10:03:21,509 [INFO] Activator:179 - 


2023-03-02 10:03:21,514 [INFO] Activator:180 - !SESSION log4j initialized
2023-03-02 10:03:26,422 [ERROR] ConfigurationRetriever:140 - IOException on connection: citools.st.com
2023-03-02 10:03:26,438 [ERROR] ConfigurationRetriever:140 - IOException on connection: citools.st.com
2023-03-02 10:03:26,441 [ERROR] ConfigurationRetriever:140 - IOException on connection: citools.st.com
2023-03-02 10:03:48,748 [ERROR] LogOutputStream:74 - [STDERR_REDIRECT] SLF4J: Failed to load class "org.slf4j.impl.StaticLoggerBinder".
2023-03-02 10:03:48,749 [ERROR] LogOutputStream:74 - [STDERR_REDIRECT] SLF4J: Defaulting to no-operation (NOP) logger implementation
2023-03-02 10:03:48,763 [ERROR] LogOutputStream:74 - [STDERR_REDIRECT] SLF4J: See http://www.slf4j.org/codes.html#StaticLoggerBinder for further details.
2023-03-02 10:07:12,225 [ERROR] ConfigurationRetriever:140 - IOException on connection: citools.st.com
2023-03-02 10:07:12,226 [ERROR] ConfigurationRetriever:140 - IOException on connection: citools.st.com
2023-03-02 10:07:12,226 [ERROR] ConfigurationRetriever:140 - IOException on connection: citools.st.com
2023-03-02 10:07:39,774 [ERROR] ConfigurationRetriever:140 - IOException on connection: citools.st.com
2023-03-02 10:07:39,775 [ERROR] ConfigurationRetriever:140 - IOException on connection: citools.st.com
2023-03-02 10:07:39,775 [ERROR] ConfigurationRetriever:140 - IOException on connection: citools.st.com
2023-03-02 10:19:53,906 [ERROR] ConfigurationRetriever:140 - IOException on connection: citools.st.com
2023-03-02 10:19:53,907 [ERROR] ConfigurationRetriever:140 - IOException on connection: citools.st.com
2023-03-02 10:19:53,907 [ERROR] ConfigurationRetriever:140 - IOException on connection: citools.st.com
2023-03-02 10:20:33,537 [ERROR] ConfigurationRetriever:140 - IOException on connection: citools.st.com
2023-03-02 10:20:33,538 [ERROR] ConfigurationRetriever:140 - IOException on connection: citools.st.com
2023-03-02 10:20:33,539 [ERROR] ConfigurationRetriever:140 - IOException on connection: citools.st.com
2023-03-02 10:23:26,418 [ERROR] ConfigurationRetriever:140 - IOException on connection: citools.st.com
2023-03-02 10:23:26,420 [ERROR] ConfigurationRetriever:140 - IOException on connection: citools.st.com
2023-03-02 10:23:26,421 [ERROR] ConfigurationRetriever:140 - IOException on connection: citools.st.com
2023-03-02 10:59:17,801 [INFO] Activator:179 - 


2023-03-02 10:59:17,804 [INFO] Activator:180 - !SESSION log4j initialized
2023-03-02 10:59:24,671 [ERROR] ConfigurationRetriever:140 - IOException on connection: citools.st.com
2023-03-02 10:59:24,677 [ERROR] ConfigurationRetriever:140 - IOException on connection: citools.st.com
2023-03-02 10:59:24,678 [ERROR] ConfigurationRetriever:140 - IOException on connection: citools.st.com
2023-03-02 10:59:45,744 [ERROR] LogOutputStream:74 - [STDERR_REDIRECT] SLF4J: Failed to load class "org.slf4j.impl.StaticLoggerBinder".
2023-03-02 10:59:45,744 [ERROR] LogOutputStream:74 - [STDERR_REDIRECT] SLF4J: Defaulting to no-operation (NOP) logger implementation
2023-03-02 10:59:45,745 [ERROR] LogOutputStream:74 - [STDERR_REDIRECT] SLF4J: See http://www.slf4j.org/codes.html#StaticLoggerBinder for further details.
2023-03-02 11:01:28,264 [ERROR] ConfigurationRetriever:140 - IOException on connection: citools.st.com
2023-03-02 11:01:28,272 [ERROR] ConfigurationRetriever:140 - IOException on connection: citools.st.com
2023-03-02 11:01:28,272 [ERROR] ConfigurationRetriever:140 - IOException on connection: citools.st.com
2023-03-02 11:01:28,611 [ERROR] ConfigurationRetriever:140 - IOException on connection: citools.st.com
2023-03-02 11:01:28,614 [ERROR] ConfigurationRetriever:140 - IOException on connection: citools.st.com
2023-03-02 11:01:28,615 [ERROR] ConfigurationRetriever:140 - IOException on connection: citools.st.com
2023-03-02 11:09:25,400 [ERROR] ConfigurationRetriever:140 - IOException on connection: citools.st.com
2023-03-02 11:09:25,401 [ERROR] ConfigurationRetriever:140 - IOException on connection: citools.st.com
2023-03-02 11:09:25,401 [ERROR] ConfigurationRetriever:140 - IOException on connection: citools.st.com
2023-03-02 11:10:55,967 [INFO] Activator:179 - 


2023-03-02 11:10:55,969 [INFO] Activator:180 - !SESSION log4j initialized
2023-03-02 11:11:02,241 [ERROR] ConfigurationRetriever:140 - IOException on connection: citools.st.com
2023-03-02 11:11:02,244 [ERROR] ConfigurationRetriever:140 - IOException on connection: citools.st.com
2023-03-02 11:11:02,244 [ERROR] ConfigurationRetriever:140 - IOException on connection: citools.st.com
2023-03-02 11:11:23,066 [ERROR] LogOutputStream:74 - [STDERR_REDIRECT] SLF4J: Failed to load class "org.slf4j.impl.StaticLoggerBinder".
2023-03-02 11:11:23,066 [ERROR] LogOutputStream:74 - [STDERR_REDIRECT] SLF4J: Defaulting to no-operation (NOP) logger implementation
2023-03-02 11:11:23,068 [ERROR] LogOutputStream:74 - [STDERR_REDIRECT] SLF4J: See http://www.slf4j.org/codes.html#StaticLoggerBinder for further details.
2023-03-02 11:12:07,787 [ERROR] ConfigurationRetriever:140 - IOException on connection: citools.st.com
2023-03-02 11:12:07,788 [ERROR] ConfigurationRetriever:140 - IOException on connection: citools.st.com
2023-03-02 11:12:07,788 [ERROR] ConfigurationRetriever:140 - IOException on connection: citools.st.com
